#
# A fatal error has been detected by the Java Runtime Environment:
#
#  SIGSEGV (0xb) at pc=0x00007f8d005b070d, pid=75371, tid=75371
#
# JRE version: OpenJDK Runtime Environment (18.0.2+9) (build 18.0.2-ea+9-Ubuntu-222.04)
# Java VM: OpenJDK 64-Bit Server VM (18.0.2-ea+9-Ubuntu-222.04, mixed mode, emulated-client, sharing, tiered, compressed oops, compressed class ptrs, g1 gc, linux-amd64)
# Problematic frame:
# V  [libjvm.so+0xced70d]
#
# Core dump will be written. Default location: Core dumps may be processed with "/usr/share/apport/apport -p%p -s%s -c%c -d%d -P%P -u%u -g%g -- %E" (or dumping to /home/mamadou/Bureau/Master/Java/awesome-spring/sprint-spring-ms/rafresh-jpa-jdbc/core.75371)
#
# If you would like to submit a bug report, please visit:
#   Unknown
#

---------------  S U M M A R Y ------------

Command Line: -XX:TieredStopAtLevel=1 -Dspring.output.ansi.enabled=always -Dcom.sun.management.jmxremote -Dspring.jmx.enabled=true -Dspring.liveBeansView.mbeanDomain -Dspring.application.admin.enabled=true -javaagent:/home/mamadou/.local/share/JetBrains/Toolbox/apps/IDEA-U/ch-0/222.3345.118/lib/idea_rt.jar=33121:/home/mamadou/.local/share/JetBrains/Toolbox/apps/IDEA-U/ch-0/222.3345.118/bin -Dfile.encoding=UTF-8 com.amir.sn.rafreshjpajdbc.RafreshJpaJdbcApplication

Host: Intel(R) Core(TM) i3-6006U CPU @ 2.00GHz, 4 cores, 11G, Ubuntu 22.04.1 LTS
Time: Fri Sep 16 15:16:09 2022 GMT elapsed time: 12.228184 seconds (0d 0h 0m 12s)

---------------  T H R E A D  ---------------

Current thread is native thread

Stack: [0x00007ffed3bfc000,0x00007ffed43fa000],  sp=0x00007ffed43f3cb0,  free space=8159k
Native frames: (J=compiled Java code, j=interpreted, Vv=VM code, C=native code)
V  [libjvm.so+0xced70d]
C  [libc.so.6+0x42520]


siginfo: si_signo: 11 (SIGSEGV), si_code: 1 (SEGV_MAPERR), si_addr: 0x0000000000000248

Registers:
RAX=0x0000000000000000, RBX=0x00007ffed43f3cc0, RCX=0x00007f8d00d80c9b, RDX=0x0000000000000000
RSP=0x00007ffed43f3cb0, RBP=0x00007ffed43f3d70, RSI=0x00007ffed43f3cc0, RDI=0x0000000000000000
R8 =0x0000000000000000, R9 =0x00000000ffffffff, R10=0x0000000000000008, R11=0x0000000000000246
R12=0x00007f8d00cc66c0, R13=0x0000000000000000, R14=0x0000000000000000, R15=0x0000000000000000
RIP=0x00007f8d005b070d, EFLAGS=0x0000000000010246, CSGSFS=0x002b000000000033, ERR=0x0000000000000004
  TRAPNO=0x000000000000000e

Top of Stack: (sp=0x00007ffed43f3cb0)
0x00007ffed43f3cb0:   00007ffed43f3eb0 00007ffed43f3d80
0x00007ffed43f3cc0:   00000000000004d8 00007f8d00f38590
0x00007ffed43f3cd0:   0000000024bbd60a 00007f8d00f38508
0x00007ffed43f3ce0:   00007f8d00f318a0 00007f8d00f437e9 

Instructions: (pc=0x00007f8d005b070d)
0x00007f8d005b060d:   00 00 00 f0 0f c1 02 48 8b 3d 4d 26 6c 00 48 83
0x00007f8d005b061d:   ec 80 5b 41 5c 5d e9 78 46 56 ff 0f 1f 84 00 00
0x00007f8d005b062d:   00 00 00 48 83 ec 80 5b 41 5c 5d c3 0f 1f 80 00
0x00007f8d005b063d:   00 00 00 48 8b 05 a9 75 69 00 48 83 f8 ff 0f 85
0x00007f8d005b064d:   99 4b 56 ff eb a3 66 66 2e 0f 1f 84 00 00 00 00
0x00007f8d005b065d:   00 66 90 f3 0f 1e fa 55 66 48 0f 6e d2 66 48 0f
0x00007f8d005b066d:   6e ce 66 0f 6c ca 48 89 e5 41 57 41 56 41 55 41
0x00007f8d005b067d:   54 53 48 8d 9d 50 ff ff ff 48 81 ec 98 00 00 00
0x00007f8d005b068d:   0f 29 8d 40 ff ff ff e8 17 46 56 ff 48 89 df 44
0x00007f8d005b069d:   8b 28 49 89 c4 e8 99 42 56 ff be 04 00 00 00 48
0x00007f8d005b06ad:   89 df e8 bc 44 56 ff be 07 00 00 00 48 89 df e8
0x00007f8d005b06bd:   af 44 56 ff be 08 00 00 00 48 89 df e8 a2 44 56
0x00007f8d005b06cd:   ff be 0b 00 00 00 48 89 df e8 95 44 56 ff be 05
0x00007f8d005b06dd:   00 00 00 48 89 df e8 88 44 56 ff 31 d2 48 89 de
0x00007f8d005b06ed:   bf 01 00 00 00 e8 89 3a 56 ff 31 c0 80 3d 98 9c
0x00007f8d005b06fd:   6e 00 00 74 0b 8b 3d c0 f5 6e 00 e8 83 46 56 ff
0x00007f8d005b070d:   48 8b 90 48 02 00 00 48 85 d2 74 17 4c 8b b8 10
0x00007f8d005b071d:   02 00 00 41 8b 87 a0 00 00 00 83 f8 01 74 1c 45
0x00007f8d005b072d:   89 2c 24 48 81 c4 98 00 00 00 5b 41 5c 41 5d 41
0x00007f8d005b073d:   5e 41 5f 5d c3 66 0f 1f 44 00 00 66 0f 6f 9d 40
0x00007f8d005b074d:   ff ff ff 4d 8d b7 a0 00 00 00 ba 02 00 00 00 41
0x00007f8d005b075d:   0f 11 9f a8 00 00 00 f0 41 0f b1 16 8d 50 ff 83
0x00007f8d005b076d:   fa 01 76 37 85 c0 75 13 66 0f ef c0 41 0f 11 87
0x00007f8d005b077d:   a8 00 00 00 eb a9 0f 1f 44 00 00 48 8b 05 19 ee
0x00007f8d005b078d:   68 00 be 61 06 00 00 48 8d 3d 25 51 4a 00 c6 00
0x00007f8d005b079d:   58 e8 3d 20 8e ff eb d0 0f 1f 00 48 89 df e8 90
0x00007f8d005b07ad:   41 56 ff 48 89 da 31 f6 31 ff e8 c4 39 56 ff 8b
0x00007f8d005b07bd:   35 be bb 69 00 48 89 df e8 76 3e 56 ff 48 8d 3d
0x00007f8d005b07cd:   0f 55 70 00 e8 ca 44 56 ff 66 2e 0f 1f 84 00 00
0x00007f8d005b07dd:   00 00 00 48 89 df e8 28 45 56 ff b8 03 00 00 00
0x00007f8d005b07ed:   31 c9 f0 41 0f b1 0e 83 f8 03 74 27 85 c0 74 23
0x00007f8d005b07fd:   83 f8 02 74 de 48 8b 05 9f ed 68 00 be 5a 06 00 



---------------  P R O C E S S  ---------------

VM state: not at safepoint (normal execution)

VM Mutex/Monitor currently owned by a thread: None

Heap address: 0x0000000748200000, size: 2942 MB, Compressed Oops mode: Zero based, Oop shift amount: 3

CDS archive(s) mapped at: [0x0000000800000000-0x0000000800bb3000-0x0000000800bb3000), size 12267520, SharedBaseAddress: 0x0000000800000000, ArchiveRelocationMode: 0.
Compressed class space mapped at: 0x0000000800c00000-0x0000000840c00000, reserved size: 1073741824
Narrow klass base: 0x0000000800000000, Narrow klass shift: 0, Narrow klass range: 0x100000000

GC Precious Log:
<Skipped>

Heap:
 garbage-first heap   total 90112K, used 40105K [0x0000000748200000, 0x0000000800000000)
  region size 2048K, 12 young (24576K), 3 survivors (6144K)
 Metaspace       used 46344K, committed 46912K, reserved 1114112K
  class space    used 6338K, committed 6592K, reserved 1048576K

Heap Regions: E=young(eden), S=young(survivor), O=old, HS=humongous(starts), HC=humongous(continues), CS=collection set, F=free, OA=open archive, CA=closed archive, TAMS=top-at-mark-start (previous, next)
|   0|0x0000000748200000, 0x0000000748400000, 0x0000000748400000|100%| O|  |TAMS 0x0000000748400000, 0x0000000748200000| Untracked 
|   1|0x0000000748400000, 0x0000000748600000, 0x0000000748600000|100%| O|  |TAMS 0x0000000748600000, 0x0000000748400000| Untracked 
|   2|0x0000000748600000, 0x00000007487c0600, 0x0000000748800000| 87%| O|  |TAMS 0x00000007487c0600, 0x0000000748600000| Untracked 
|   3|0x0000000748800000, 0x0000000748a00000, 0x0000000748a00000|100%| O|  |TAMS 0x0000000748800000, 0x0000000748800000| Untracked 
|   4|0x0000000748a00000, 0x0000000748c00000, 0x0000000748c00000|100%| O|  |TAMS 0x0000000748a00000, 0x0000000748a00000| Untracked 
|   5|0x0000000748c00000, 0x0000000748e00000, 0x0000000748e00000|100%| O|  |TAMS 0x0000000748c00000, 0x0000000748c00000| Untracked 
|   6|0x0000000748e00000, 0x0000000749000000, 0x0000000749000000|100%| O|  |TAMS 0x0000000748e00000, 0x0000000748e00000| Untracked 
|   7|0x0000000749000000, 0x0000000749162400, 0x0000000749200000| 69%| O|  |TAMS 0x0000000749000000, 0x0000000749000000| Untracked 
|   8|0x0000000749200000, 0x0000000749200000, 0x0000000749400000|  0%| F|  |TAMS 0x0000000749200000, 0x0000000749200000| Untracked 
|   9|0x0000000749400000, 0x0000000749400000, 0x0000000749600000|  0%| F|  |TAMS 0x0000000749400000, 0x0000000749400000| Untracked 
|  10|0x0000000749600000, 0x0000000749600000, 0x0000000749800000|  0%| F|  |TAMS 0x0000000749600000, 0x0000000749600000| Untracked 
|  11|0x0000000749800000, 0x0000000749800000, 0x0000000749a00000|  0%| F|  |TAMS 0x0000000749800000, 0x0000000749800000| Untracked 
|  12|0x0000000749a00000, 0x0000000749a00000, 0x0000000749c00000|  0%| F|  |TAMS 0x0000000749a00000, 0x0000000749a00000| Untracked 
|  13|0x0000000749c00000, 0x0000000749c00000, 0x0000000749e00000|  0%| F|  |TAMS 0x0000000749c00000, 0x0000000749c00000| Untracked 
|  14|0x0000000749e00000, 0x0000000749e00000, 0x000000074a000000|  0%| F|  |TAMS 0x0000000749e00000, 0x0000000749e00000| Untracked 
|  15|0x000000074a000000, 0x000000074a000000, 0x000000074a200000|  0%| F|  |TAMS 0x000000074a000000, 0x000000074a000000| Untracked 
|  16|0x000000074a200000, 0x000000074a200000, 0x000000074a400000|  0%| F|  |TAMS 0x000000074a200000, 0x000000074a200000| Untracked 
|  17|0x000000074a400000, 0x000000074a400000, 0x000000074a600000|  0%| F|  |TAMS 0x000000074a400000, 0x000000074a400000| Untracked 
|  18|0x000000074a600000, 0x000000074a600000, 0x000000074a800000|  0%| F|  |TAMS 0x000000074a600000, 0x000000074a600000| Untracked 
|  19|0x000000074a800000, 0x000000074a8c0440, 0x000000074aa00000| 37%| S|CS|TAMS 0x000000074a800000, 0x000000074a800000| Complete 
|  20|0x000000074aa00000, 0x000000074ac00000, 0x000000074ac00000|100%| S|CS|TAMS 0x000000074aa00000, 0x000000074aa00000| Complete 
|  21|0x000000074ac00000, 0x000000074ae00000, 0x000000074ae00000|100%| S|CS|TAMS 0x000000074ac00000, 0x000000074ac00000| Complete 
|  22|0x000000074ae00000, 0x000000074ae00000, 0x000000074b000000|  0%| F|  |TAMS 0x000000074ae00000, 0x000000074ae00000| Untracked 
|  23|0x000000074b000000, 0x000000074b000000, 0x000000074b200000|  0%| F|  |TAMS 0x000000074b000000, 0x000000074b000000| Untracked 
|  24|0x000000074b200000, 0x000000074b200000, 0x000000074b400000|  0%| F|  |TAMS 0x000000074b200000, 0x000000074b200000| Untracked 
|  25|0x000000074b400000, 0x000000074b400000, 0x000000074b600000|  0%| F|  |TAMS 0x000000074b400000, 0x000000074b400000| Untracked 
|  26|0x000000074b600000, 0x000000074b600000, 0x000000074b800000|  0%| F|  |TAMS 0x000000074b600000, 0x000000074b600000| Untracked 
|  27|0x000000074b800000, 0x000000074b800000, 0x000000074ba00000|  0%| F|  |TAMS 0x000000074b800000, 0x000000074b800000| Untracked 
|  28|0x000000074ba00000, 0x000000074ba00000, 0x000000074bc00000|  0%| F|  |TAMS 0x000000074ba00000, 0x000000074ba00000| Untracked 
|  29|0x000000074bc00000, 0x000000074bc00000, 0x000000074be00000|  0%| F|  |TAMS 0x000000074bc00000, 0x000000074bc00000| Untracked 
|  30|0x000000074be00000, 0x000000074be00000, 0x000000074c000000|  0%| F|  |TAMS 0x000000074be00000, 0x000000074be00000| Untracked 
|  31|0x000000074c000000, 0x000000074c000000, 0x000000074c200000|  0%| F|  |TAMS 0x000000074c000000, 0x000000074c000000| Untracked 
|  32|0x000000074c200000, 0x000000074c200000, 0x000000074c400000|  0%| F|  |TAMS 0x000000074c200000, 0x000000074c200000| Untracked 
|  33|0x000000074c400000, 0x000000074c55c8b0, 0x000000074c600000| 68%| E|  |TAMS 0x000000074c400000, 0x000000074c400000| Complete 
|  34|0x000000074c600000, 0x000000074c800000, 0x000000074c800000|100%| E|CS|TAMS 0x000000074c600000, 0x000000074c600000| Complete 
|  35|0x000000074c800000, 0x000000074ca00000, 0x000000074ca00000|100%| E|CS|TAMS 0x000000074c800000, 0x000000074c800000| Complete 
|  36|0x000000074ca00000, 0x000000074cc00000, 0x000000074cc00000|100%| E|CS|TAMS 0x000000074ca00000, 0x000000074ca00000| Complete 
|  37|0x000000074cc00000, 0x000000074ce00000, 0x000000074ce00000|100%| E|CS|TAMS 0x000000074cc00000, 0x000000074cc00000| Complete 
|  38|0x000000074ce00000, 0x000000074d000000, 0x000000074d000000|100%| E|CS|TAMS 0x000000074ce00000, 0x000000074ce00000| Complete 
|  59|0x000000074f800000, 0x000000074fa00000, 0x000000074fa00000|100%| E|CS|TAMS 0x000000074f800000, 0x000000074f800000| Complete 
|  60|0x000000074fa00000, 0x000000074fc00000, 0x000000074fc00000|100%| E|CS|TAMS 0x000000074fa00000, 0x000000074fa00000| Complete 
|  91|0x0000000753800000, 0x0000000753a00000, 0x0000000753a00000|100%| E|CS|TAMS 0x0000000753800000, 0x0000000753800000| Complete 
|1469|0x00000007ffc00000, 0x00000007ffd75000, 0x00000007ffe00000| 72%|OA|  |TAMS 0x00000007ffd75000, 0x00000007ffc00000| Untracked 
|1470|0x00000007ffe00000, 0x00000007ffe76000, 0x0000000800000000| 23%|CA|  |TAMS 0x00000007ffe76000, 0x00000007ffe00000| Untracked 

Card table byte_map: [0x00007f8cef677000,0x00007f8cefc36000] _byte_map_base: 0x00007f8cebc36000

Marking Bits (Prev, Next): (CMBitMap*) 0x00007f8cf8072cd0, (CMBitMap*) 0x00007f8cf8072d10
 Prev Bits: [0x00007f8cec2c0000, 0x00007f8cef0b8000)
 Next Bits: [0x00007f8ce94c8000, 0x00007f8cec2c0000)

Polling page: 0x00007f8d00f16000

Metaspace:

Usage:
  Non-class:     39,07 MB used.
      Class:      6,19 MB used.
       Both:     45,26 MB used.

Virtual space:
  Non-class space:       64,00 MB reserved,      39,38 MB ( 62%) committed,  1 nodes.
      Class space:        1,00 GB reserved,       6,44 MB ( <1%) committed,  1 nodes.
             Both:        1,06 GB reserved,      45,81 MB (  4%) committed. 

Chunk freelists:
   Non-Class:  496,00 KB
       Class:  1,61 MB
        Both:  2,10 MB

MaxMetaspaceSize: unlimited
CompressedClassSpaceSize: 1,00 GB
Initial GC threshold: 21,00 MB
Current GC threshold: 59,38 MB
CDS: on
MetaspaceReclaimPolicy: balanced
 - commit_granule_bytes: 65536.
 - commit_granule_words: 8192.
 - virtual_space_node_default_size: 8388608.
 - enlarge_chunks_in_place: 1.
 - new_chunks_are_fully_committed: 0.
 - uncommit_free_chunks: 1.
 - use_allocation_guard: 0.


Internal statistics:

num_allocs_failed_limit: 6.
num_arena_births: 690.
num_arena_deaths: 0.
num_vsnodes_births: 2.
num_vsnodes_deaths: 0.
num_space_committed: 733.
num_space_uncommitted: 0.
num_chunks_returned_to_freelist: 6.
num_chunks_taken_from_freelist: 2300.
num_chunk_merges: 6.
num_chunk_splits: 1684.
num_chunks_enlarged: 1330.
num_inconsistent_stats: 0.

CodeCache: size=49152Kb used=7571Kb max_used=8134Kb free=41580Kb
 bounds [0x00007f8cfc451000, 0x00007f8cfcc51000, 0x00007f8cff451000]
 total_blobs=4594 nmethods=4033 adapters=489
 compilation: enabled
              stopped_count=0, restarted_count=0
 full_count=0

Compilation events (20 events):
Event: 5,948 Thread 0x00007f8cf80e7670 nmethod 4023 0x00007f8cfcc3bb90 code [0x00007f8cfcc3bd20, 0x00007f8cfcc3bdf0]
Event: 5,948 Thread 0x00007f8cf80e7670 4024       1       java.io.ObjectStreamClass::getResolveException (5 bytes)
Event: 5,948 Thread 0x00007f8cf80e7670 nmethod 4024 0x00007f8cfcc3be90 code [0x00007f8cfcc3c020, 0x00007f8cfcc3c0f0]
Event: 5,950 Thread 0x00007f8cb40b5ee0 nmethod 4021 0x00007f8cfcc3c490 code [0x00007f8cfcc3ca60, 0x00007f8cfcc3e5a0]
Event: 5,957 Thread 0x00007f8cb40b5ee0 4026       1       org.springframework.core.convert.support.GenericConversionService$Converters::addToClassHierarchy (34 bytes)
Event: 5,958 Thread 0x00007f8cb40b5ee0 nmethod 4026 0x00007f8cfcc3fd10 code [0x00007f8cfcc3fec0, 0x00007f8cfcc40060]
Event: 5,967 Thread 0x00007f8cb40b5ee0 4027       1       java.io.ObjectStreamClass::getFields (22 bytes)
Event: 5,968 Thread 0x00007f8cb40b5ee0 nmethod 4027 0x00007f8cfcc40190 code [0x00007f8cfcc40340, 0x00007f8cfcc404a0]
Event: 5,973 Thread 0x00007f8cb40b5ee0 4029       1       java.io.ObjectOutputStream$BlockDataOutputStream::writeLong (48 bytes)
Event: 5,973 Thread 0x00007f8cf80e7670 4028       1       java.io.ObjectOutputStream::writeLong (9 bytes)
Event: 5,974 Thread 0x00007f8cf80e7670 nmethod 4028 0x00007f8cfcc40590 code [0x00007f8cfcc40740, 0x00007f8cfcc40820]
Event: 5,974 Thread 0x00007f8cb40b5ee0 nmethod 4029 0x00007f8cfcc40910 code [0x00007f8cfcc40ac0, 0x00007f8cfcc40c30]
Event: 5,976 Thread 0x00007f8cf80e7670 4030       1       java.io.ObjectInputStream::readClassDesc (121 bytes)
Event: 5,976 Thread 0x00007f8cb40b5ee0 4031       1       java.io.Bits::getInt (43 bytes)
Event: 5,977 Thread 0x00007f8cb40b5ee0 nmethod 4031 0x00007f8cfcc40d10 code [0x00007f8cfcc40ea0, 0x00007f8cfcc40fb0]
Event: 5,978 Thread 0x00007f8cb40b5ee0 4032       1       java.io.ObjectInputStream::readUTF (8 bytes)
Event: 5,978 Thread 0x00007f8cb40b5ee0 nmethod 4032 0x00007f8cfcc41090 code [0x00007f8cfcc41240, 0x00007f8cfcc41350]
Event: 5,978 Thread 0x00007f8cb40b5ee0 4033       1       java.io.ObjectInputStream::readByte (8 bytes)
Event: 5,979 Thread 0x00007f8cb40b5ee0 nmethod 4033 0x00007f8cfcc41410 code [0x00007f8cfcc415c0, 0x00007f8cfcc41750]
Event: 5,980 Thread 0x00007f8cf80e7670 nmethod 4030 0x00007f8cfcc41890 code [0x00007f8cfcc41b40, 0x00007f8cfcc42540]

GC Heap History (14 events):
Event: 0,880 GC heap before
{Heap before GC invocations=0 (full 0):
 garbage-first heap   total 192512K, used 12204K [0x0000000748200000, 0x0000000800000000)
  region size 2048K, 6 young (12288K), 0 survivors (0K)
 Metaspace       used 5373K, committed 5568K, reserved 1114112K
  class space    used 623K, committed 704K, reserved 1048576K
}
Event: 0,918 GC heap after
{Heap after GC invocations=1 (full 0):
 garbage-first heap   total 192512K, used 7697K [0x0000000748200000, 0x0000000800000000)
  region size 2048K, 1 young (2048K), 1 survivors (2048K)
 Metaspace       used 5373K, committed 5568K, reserved 1114112K
  class space    used 623K, committed 704K, reserved 1048576K
}
Event: 1,203 GC heap before
{Heap before GC invocations=1 (full 0):
 garbage-first heap   total 192512K, used 15889K [0x0000000748200000, 0x0000000800000000)
  region size 2048K, 5 young (10240K), 1 survivors (2048K)
 Metaspace       used 7545K, committed 7744K, reserved 1114112K
  class space    used 924K, committed 1024K, reserved 1048576K
}
Event: 1,213 GC heap after
{Heap after GC invocations=2 (full 0):
 garbage-first heap   total 192512K, used 9410K [0x0000000748200000, 0x0000000800000000)
  region size 2048K, 1 young (2048K), 1 survivors (2048K)
 Metaspace       used 7545K, committed 7744K, reserved 1114112K
  class space    used 924K, committed 1024K, reserved 1048576K
}
Event: 1,712 GC heap before
{Heap before GC invocations=2 (full 0):
 garbage-first heap   total 192512K, used 25794K [0x0000000748200000, 0x0000000800000000)
  region size 2048K, 10 young (20480K), 1 survivors (2048K)
 Metaspace       used 11848K, committed 12160K, reserved 1114112K
  class space    used 1570K, committed 1728K, reserved 1048576K
}
Event: 1,730 GC heap after
{Heap after GC invocations=3 (full 0):
 garbage-first heap   total 192512K, used 10801K [0x0000000748200000, 0x0000000800000000)
  region size 2048K, 2 young (4096K), 2 survivors (4096K)
 Metaspace       used 11848K, committed 12160K, reserved 1114112K
  class space    used 1570K, committed 1728K, reserved 1048576K
}
Event: 3,120 GC heap before
{Heap before GC invocations=3 (full 0):
 garbage-first heap   total 192512K, used 64049K [0x0000000748200000, 0x0000000800000000)
  region size 2048K, 30 young (61440K), 2 survivors (4096K)
 Metaspace       used 21221K, committed 21504K, reserved 1114112K
  class space    used 2791K, committed 2944K, reserved 1048576K
}
Event: 3,132 GC heap after
{Heap after GC invocations=4 (full 0):
 garbage-first heap   total 192512K, used 13997K [0x0000000748200000, 0x0000000800000000)
  region size 2048K, 3 young (6144K), 3 survivors (6144K)
 Metaspace       used 21221K, committed 21504K, reserved 1114112K
  class space    used 2791K, committed 2944K, reserved 1048576K
}
Event: 3,992 GC heap before
{Heap before GC invocations=5 (full 0):
 garbage-first heap   total 61440K, used 59053K [0x0000000748200000, 0x0000000800000000)
  region size 2048K, 25 young (51200K), 3 survivors (6144K)
 Metaspace       used 28910K, committed 29376K, reserved 1114112K
  class space    used 3840K, committed 4032K, reserved 1048576K
}
Event: 4,007 GC heap after
{Heap after GC invocations=6 (full 0):
 garbage-first heap   total 71680K, used 17812K [0x0000000748200000, 0x0000000800000000)
  region size 2048K, 5 young (10240K), 5 survivors (10240K)
 Metaspace       used 28910K, committed 29376K, reserved 1114112K
  class space    used 3840K, committed 4032K, reserved 1048576K
}
Event: 4,607 GC heap before
{Heap before GC invocations=6 (full 0):
 garbage-first heap   total 71680K, used 42388K [0x0000000748200000, 0x0000000800000000)
  region size 2048K, 18 young (36864K), 5 survivors (10240K)
 Metaspace       used 35698K, committed 36160K, reserved 1114112K
  class space    used 4751K, committed 4992K, reserved 1048576K
}
Event: 4,623 GC heap after
{Heap after GC invocations=7 (full 0):
 garbage-first heap   total 92160K, used 20349K [0x0000000748200000, 0x0000000800000000)
  region size 2048K, 2 young (4096K), 2 survivors (4096K)
 Metaspace       used 35698K, committed 36160K, reserved 1114112K
  class space    used 4751K, committed 4992K, reserved 1048576K
}
Event: 5,408 GC heap before
{Heap before GC invocations=8 (full 0):
 garbage-first heap   total 90112K, used 61309K [0x0000000748200000, 0x0000000800000000)
  region size 2048K, 22 young (45056K), 2 survivors (4096K)
 Metaspace       used 44464K, committed 44928K, reserved 1114112K
  class space    used 6076K, committed 6272K, reserved 1048576K
}
Event: 5,417 GC heap after
{Heap after GC invocations=9 (full 0):
 garbage-first heap   total 90112K, used 22327K [0x0000000748200000, 0x0000000800000000)
  region size 2048K, 3 young (6144K), 3 survivors (6144K)
 Metaspace       used 44464K, committed 44928K, reserved 1114112K
  class space    used 6076K, committed 6272K, reserved 1048576K
}

Deoptimization events (8 events):
Event: 1,938 Thread 0x00007f8cf80170e0 DEOPT PACKING pc=0x00007f8cfc8b1711 sp=0x00007f8cff58e960
Event: 1,938 Thread 0x00007f8cf80170e0 DEOPT UNPACKING pc=0x00007f8cfc4a382f sp=0x00007f8cff58de60 mode 3
Event: 3,731 Thread 0x00007f8cf80170e0 DEOPT PACKING pc=0x00007f8cfcb1613d sp=0x00007f8cff58dc10
Event: 3,731 Thread 0x00007f8cf80170e0 DEOPT UNPACKING pc=0x00007f8cfc4a382f sp=0x00007f8cff58d198 mode 3
Event: 5,387 Thread 0x00007f8cf80170e0 DEOPT PACKING pc=0x00007f8cfc8c2a60 sp=0x00007f8cff58f3a0
Event: 5,387 Thread 0x00007f8cf80170e0 DEOPT UNPACKING pc=0x00007f8cfc4a382f sp=0x00007f8cff58e8d8 mode 3
Event: 5,387 Thread 0x00007f8cf80170e0 DEOPT PACKING pc=0x00007f8cfc8bfa09 sp=0x00007f8cff58f370
Event: 5,387 Thread 0x00007f8cf80170e0 DEOPT UNPACKING pc=0x00007f8cfc4a382f sp=0x00007f8cff58e8d8 mode 3

Classes loaded (20 events):
Event: 5,667 Loading class org/springframework/context/ConfigurableApplicationContext
Event: 5,667 Loading class org/springframework/context/ConfigurableApplicationContext done
Event: 5,667 Loading class org/springframework/context/ConfigurableApplicationContext
Event: 5,667 Loading class org/springframework/context/ConfigurableApplicationContext done
Event: 5,918 Loading class sun/reflect/misc/MethodUtil
Event: 5,919 Loading class sun/reflect/misc/MethodUtil done
Event: 5,920 Loading class sun/reflect/misc/MethodUtil$1
Event: 5,920 Loading class sun/reflect/misc/MethodUtil$1 done
Event: 5,922 Loading class java/security/AllPermissionCollection
Event: 5,922 Loading class java/security/AllPermissionCollection done
Event: 5,954 Loading class javax/management/remote/rmi/RMIConnectionImpl$6
Event: 5,954 Loading class javax/management/remote/rmi/RMIConnectionImpl$6 done
Event: 5,955 Loading class javax/management/remote/rmi/RMIConnectionImpl$7
Event: 5,955 Loading class javax/management/remote/rmi/RMIConnectionImpl$7 done
Event: 5,955 Loading class com/sun/jmx/remote/util/OrderClassLoaders
Event: 5,955 Loading class com/sun/jmx/remote/util/OrderClassLoaders done
Event: 5,955 Loading class javax/management/remote/rmi/RMIConnectionImpl$SetCcl
Event: 5,955 Loading class javax/management/remote/rmi/RMIConnectionImpl$SetCcl done
Event: 5,956 Loading class java/rmi/MarshalledObject$MarshalledObjectInputStream
Event: 5,956 Loading class java/rmi/MarshalledObject$MarshalledObjectInputStream done

Classes unloaded (0 events):
No events

Classes redefined (0 events):
No events

Internal exceptions (20 events):
Event: 5,234 Thread 0x00007f8cf80170e0 Exception <a 'java/lang/NoSuchMethodError'{0x000000074b724bd8}: 'void java.lang.invoke.DirectMethodHandle$Holder.invokeVirtual(java.lang.Object, java.lang.Object, long)'> (0x000000074b724bd8) 
thrown [./src/hotspot/share/interpreter/linkResolver.cpp, line 758]
Event: 5,352 Thread 0x00007f8cf80170e0 Exception <a 'java/lang/IncompatibleClassChangeError'{0x000000074b0e21b8}: Found class java.lang.Object, but interface was expected> (0x000000074b0e21b8) 
thrown [./src/hotspot/share/interpreter/linkResolver.cpp, line 826]
Event: 5,381 Thread 0x00007f8cf80170e0 Exception <a 'java/lang/NoSuchMethodError'{0x000000074ae79a18}: 'int java.lang.invoke.DirectMethodHandle$Holder.invokeStaticInit(java.lang.Object, java.lang.Object, java.lang.Object, java.lang.Object)'> (0x000000074ae79a18) 
thrown [./src/hotspot/share/interpreter/linkResolver.cpp, line 758]
Event: 5,463 Thread 0x00007f8cf80170e0 Exception <a 'java/lang/IncompatibleClassChangeError'{0x000000074fb20ae0}: Found class java.lang.Object, but interface was expected> (0x000000074fb20ae0) 
thrown [./src/hotspot/share/interpreter/linkResolver.cpp, line 826]
Event: 5,483 Thread 0x00007f8cf80170e0 Exception <a 'java/lang/IncompatibleClassChangeError'{0x000000074f834478}: Found class java.lang.Object, but interface was expected> (0x000000074f834478) 
thrown [./src/hotspot/share/interpreter/linkResolver.cpp, line 826]
Event: 5,489 Thread 0x00007f8cf80170e0 Exception <a 'java/lang/NoSuchMethodError'{0x000000074f894320}: 'java.lang.Object java.lang.invoke.DirectMethodHandle$Holder.newInvokeSpecial(java.lang.Object, java.lang.Object, java.lang.Object, int, int)'> (0x000000074f894320) 
thrown [./src/hotspot/share/interpreter/linkResolver.cpp, line 758]
Event: 5,503 Thread 0x00007f8cf80170e0 Exception <a 'java/lang/IncompatibleClassChangeError'{0x000000074f94fe70}: Found class java.lang.Object, but interface was expected> (0x000000074f94fe70) 
thrown [./src/hotspot/share/interpreter/linkResolver.cpp, line 826]
Event: 5,515 Thread 0x00007f8cf80170e0 Exception <a 'java/lang/NoSuchMethodError'{0x000000074ce1c8a8}: 'java.lang.Object java.lang.invoke.DirectMethodHandle$Holder.invokeVirtual(java.lang.Object, java.lang.Object, java.lang.Object, java.lang.Object, java.lang.Object, java.lang.Object, java.lang.Object)'> (0x000000074ce1c8a8) 
thrown [./src/hotspot/share/interpreter/linkResolver.cpp, line 758]
Event: 5,522 Thread 0x00007f8cf80170e0 Exception <a 'java/lang/IncompatibleClassChangeError'{0x000000074ce99f08}: Found class java.lang.Object, but interface was expected> (0x000000074ce99f08) 
thrown [./src/hotspot/share/interpreter/linkResolver.cpp, line 826]
Event: 5,527 Thread 0x00007f8cf80170e0 Exception <a 'java/lang/NoSuchMethodError'{0x000000074cee97a8}: 'java.lang.Object java.lang.invoke.DirectMethodHandle$Holder.invokeVirtual(java.lang.Object, java.lang.Object, java.lang.Object, java.lang.Object, java.lang.Object, java.lang.Object)'> (0x000000074cee97a8) 
thrown [./src/hotspot/share/interpreter/linkResolver.cpp, line 758]
Event: 5,545 Thread 0x00007f8cf80170e0 Exception <a 'java/lang/ClassNotFoundException'{0x000000074cc597d0}: java/lang/ObjectCustomizer> (0x000000074cc597d0) 
thrown [./src/hotspot/share/classfile/systemDictionary.cpp, line 255]
Event: 5,546 Thread 0x00007f8cf80170e0 Exception <a 'java/lang/ClassNotFoundException'{0x000000074cc61580}: org/springframework/data/aot/RepositoryRegistrationAotProcessorCustomizer> (0x000000074cc61580) 
thrown [./src/hotspot/share/classfile/systemDictionary.cpp, line 255]
Event: 5,547 Thread 0x00007f8cf80170e0 Exception <a 'java/lang/ClassNotFoundException'{0x000000074cc6eeb8}: org/springframework/beans/factory/aot/BeanRegistrationAotProcessorCustomizer> (0x000000074cc6eeb8) 
thrown [./src/hotspot/share/classfile/systemDictionary.cpp, line 255]
Event: 5,547 Thread 0x00007f8cf80170e0 Exception <a 'java/lang/ClassNotFoundException'{0x000000074cc740f0}: org/springframework/beans/factory/BeanFactoryAwareCustomizer> (0x000000074cc740f0) 
thrown [./src/hotspot/share/classfile/systemDictionary.cpp, line 255]
Event: 5,548 Thread 0x00007f8cf80170e0 Exception <a 'java/lang/ClassNotFoundException'{0x000000074cc79948}: org/springframework/beans/factory/AwareCustomizer> (0x000000074cc79948) 
thrown [./src/hotspot/share/classfile/systemDictionary.cpp, line 255]
Event: 5,619 Thread 0x00007f8cf80170e0 Exception <a 'java/lang/NoSuchMethodError'{0x000000074c8777d0}: 'java.lang.Object java.lang.invoke.DirectMethodHandle$Holder.newInvokeSpecial(java.lang.Object, java.lang.Object, int, java.lang.Object, java.lang.Object)'> (0x000000074c8777d0) 
thrown [./src/hotspot/share/interpreter/linkResolver.cpp, line 758]
Event: 5,622 Thread 0x00007f8cf80170e0 Exception <a 'java/lang/NoSuchMethodError'{0x000000074c882e50}: 'java.lang.Object java.lang.invoke.DirectMethodHandle$Holder.invokeSpecial(java.lang.Object, java.lang.Object, int, java.lang.Object, int, java.lang.Object)'> (0x000000074c882e50) 
thrown [./src/hotspot/share/interpreter/linkResolver.cpp, line 758]
Event: 5,622 Thread 0x00007f8cf80170e0 Exception <a 'java/lang/NoSuchMethodError'{0x000000074c88ac58}: 'java.lang.Object java.lang.invoke.DirectMethodHandle$Holder.newInvokeSpecial(java.lang.Object, java.lang.Object, int, java.lang.Object, int)'> (0x000000074c88ac58) 
thrown [./src/hotspot/share/interpreter/linkResolver.cpp, line 758]
Event: 5,623 Thread 0x00007f8cf80170e0 Exception <a 'java/lang/NoSuchMethodError'{0x000000074c88ed60}: 'java.lang.Object java.lang.invoke.DirectMethodHandle$Holder.invokeSpecial(java.lang.Object, java.lang.Object, java.lang.Object, int, java.lang.Object, int)'> (0x000000074c88ed60) 
thrown [./src/hotspot/share/interpreter/linkResolver.cpp, line 758]
Event: 5,949 Thread 0x00007f8c9c003bc0 Exception <a 'java/lang/NoSuchMethodError'{0x000000074c4b0148}: 'java.lang.Object java.lang.invoke.DirectMethodHandle$Holder.invokeInterface(java.lang.Object, java.lang.Object, java.lang.Object, java.lang.Object, java.lang.Object, java.lang.Object, java.lang.Object)'> (0x000000074c4b0148) 
thrown [./src/hotspot/share/interpreter/linkResolver.cpp, line 758]

VM Operations (20 events):
Event: 4,607 Executing VM operation: CollectForMetadataAllocation
Event: 4,623 Executing VM operation: CollectForMetadataAllocation done
Event: 4,641 Executing VM operation: G1Concurrent
Event: 4,644 Executing VM operation: G1Concurrent done
Event: 4,668 Executing VM operation: G1Concurrent
Event: 4,669 Executing VM operation: G1Concurrent done
Event: 5,044 Executing VM operation: HandshakeAllThreads
Event: 5,044 Executing VM operation: HandshakeAllThreads done
Event: 5,159 Executing VM operation: HandshakeAllThreads
Event: 5,159 Executing VM operation: HandshakeAllThreads done
Event: 5,256 Executing VM operation: HandshakeAllThreads
Event: 5,256 Executing VM operation: HandshakeAllThreads done
Event: 5,333 Executing VM operation: HandshakeAllThreads
Event: 5,333 Executing VM operation: HandshakeAllThreads done
Event: 5,408 Executing VM operation: G1CollectForAllocation
Event: 5,417 Executing VM operation: G1CollectForAllocation done
Event: 6,417 Executing VM operation: Cleanup
Event: 6,417 Executing VM operation: Cleanup done
Event: 7,418 Executing VM operation: Cleanup
Event: 7,418 Executing VM operation: Cleanup done

Events (20 events):
Event: 5,650 Thread 0x00007f8cf9317040 Thread added: 0x00007f8cf9317040
Event: 5,650 Protecting memory [0x00007f8c67c00000,0x00007f8c67c04000] with protection modes 0
Event: 5,652 Thread 0x00007f8cf931d380 Thread added: 0x00007f8cf931d380
Event: 5,652 Protecting memory [0x00007f8c67b00000,0x00007f8c67b04000] with protection modes 0
Event: 5,668 Thread 0x00007f8cf80170e0 Thread exited: 0x00007f8cf80170e0
Event: 5,668 Protecting memory [0x00007f8cff492000,0x00007f8cff496000] with protection modes 0
Event: 5,668 Thread 0x00007f8cf80170e0 Thread added: 0x00007f8cf80170e0
Event: 5,908 Thread 0x00007f8c7802f330 Thread added: 0x00007f8c7802f330
Event: 5,908 Protecting memory [0x00007f8c67a00000,0x00007f8c67a04000] with protection modes 0
Event: 5,933 Thread 0x00007f8c7802f330 Thread exited: 0x00007f8c7802f330
Event: 5,934 Thread 0x00007f8c9c003bc0 Thread added: 0x00007f8c9c003bc0
Event: 5,934 Protecting memory [0x00007f8c67a00000,0x00007f8c67a04000] with protection modes 0
Event: 5,937 Thread 0x00007f8ca80035b0 Thread added: 0x00007f8ca80035b0
Event: 5,937 Protecting memory [0x00007f8c67900000,0x00007f8c67904000] with protection modes 0
Event: 5,960 Thread 0x00007f8ca80035b0 Thread exited: 0x00007f8ca80035b0
Event: 5,963 Thread 0x00007f8ca80035b0 Thread added: 0x00007f8ca80035b0
Event: 5,963 Protecting memory [0x00007f8c67900000,0x00007f8c67904000] with protection modes 0
Event: 5,987 Thread 0x00007f8ca80035b0 Thread exited: 0x00007f8ca80035b0
Event: 9,331 Thread 0x00007f8c6c0012d0 Thread exited: 0x00007f8c6c0012d0
Event: 10,979 Thread 0x00007f8cb40b5ee0 Thread exited: 0x00007f8cb40b5ee0


Dynamic libraries:
748200000-74d000000 rw-p 00000000 00:00 0 
74d000000-74f800000 ---p 00000000 00:00 0 
74f800000-74fc00000 rw-p 00000000 00:00 0 
74fc00000-753800000 ---p 00000000 00:00 0 
753800000-753a00000 rw-p 00000000 00:00 0 
753a00000-7ffc00000 ---p 00000000 00:00 0 
7ffc00000-7ffd00000 rw-p 00000000 00:00 0 
7ffd00000-7ffd75000 rw-p 00c61000 08:05 9437669                          /usr/lib/jvm/java-18-openjdk-amd64/lib/server/classes.jsa
7ffd75000-7ffe00000 rw-p 00000000 00:00 0 
7ffe00000-7ffe76000 rw-p 00beb000 08:05 9437669                          /usr/lib/jvm/java-18-openjdk-amd64/lib/server/classes.jsa
7ffe76000-800000000 rw-p 00000000 00:00 0 
800000000-80044a000 rw-p 00001000 08:05 9437669                          /usr/lib/jvm/java-18-openjdk-amd64/lib/server/classes.jsa
80044a000-800bb3000 r--p 0044b000 08:05 9437669                          /usr/lib/jvm/java-18-openjdk-amd64/lib/server/classes.jsa
800bb3000-800c00000 ---p 00000000 00:00 0 
800c00000-800c20000 rw-p 00000000 00:00 0 
800c20000-800c40000 rw-p 00000000 00:00 0 
800c40000-800cc0000 rw-p 00000000 00:00 0 
800cc0000-800d80000 rw-p 00000000 00:00 0 
800d80000-800f60000 rw-p 00000000 00:00 0 
800f60000-800f80000 rw-p 00000000 00:00 0 
800f80000-801270000 rw-p 00000000 00:00 0 
801270000-840c00000 ---p 00000000 00:00 0 
557df4b3c000-557df4b3d000 r--p 00000000 08:05 9437591                    /usr/lib/jvm/java-18-openjdk-amd64/bin/java
557df4b3d000-557df4b3e000 r-xp 00001000 08:05 9437591                    /usr/lib/jvm/java-18-openjdk-amd64/bin/java
557df4b3e000-557df4b3f000 r--p 00002000 08:05 9437591                    /usr/lib/jvm/java-18-openjdk-amd64/bin/java
557df4b3f000-557df4b40000 r--p 00002000 08:05 9437591                    /usr/lib/jvm/java-18-openjdk-amd64/bin/java
557df4b40000-557df4b41000 rw-p 00003000 08:05 9437591                    /usr/lib/jvm/java-18-openjdk-amd64/bin/java
557df590e000-557df597d000 rw-p 00000000 00:00 0                          [heap]
7f8c67900000-7f8c67904000 ---p 00000000 00:00 0 
7f8c67904000-7f8c67a00000 rw-p 00000000 00:00 0 
7f8c67a00000-7f8c67a04000 ---p 00000000 00:00 0 
7f8c67a04000-7f8c67b00000 rw-p 00000000 00:00 0 
7f8c67b00000-7f8c67b04000 ---p 00000000 00:00 0 
7f8c67b04000-7f8c67c00000 rw-p 00000000 00:00 0 
7f8c67c00000-7f8c67c04000 ---p 00000000 00:00 0 
7f8c67c04000-7f8c67d00000 rw-p 00000000 00:00 0 
7f8c67d00000-7f8c67d04000 ---p 00000000 00:00 0 
7f8c67d04000-7f8c67e00000 rw-p 00000000 00:00 0 
7f8c67e00000-7f8c67e04000 ---p 00000000 00:00 0 
7f8c67e04000-7f8c67f00000 rw-p 00000000 00:00 0 
7f8c67f00000-7f8c67f04000 ---p 00000000 00:00 0 
7f8c67f04000-7f8c68000000 rw-p 00000000 00:00 0 
7f8c68000000-7f8c68021000 rw-p 00000000 00:00 0 
7f8c68021000-7f8c6c000000 ---p 00000000 00:00 0 
7f8c6c000000-7f8c6c021000 rw-p 00000000 00:00 0 
7f8c6c021000-7f8c70000000 ---p 00000000 00:00 0 
7f8c70000000-7f8c701b0000 rw-p 00000000 00:00 0 
7f8c701b0000-7f8c74000000 ---p 00000000 00:00 0 
7f8c74000000-7f8c74021000 rw-p 00000000 00:00 0 
7f8c74021000-7f8c78000000 ---p 00000000 00:00 0 
7f8c78000000-7f8c78033000 rw-p 00000000 00:00 0 
7f8c78033000-7f8c7c000000 ---p 00000000 00:00 0 
7f8c7c000000-7f8c7c021000 rw-p 00000000 00:00 0 
7f8c7c021000-7f8c80000000 ---p 00000000 00:00 0 
7f8c80000000-7f8c80021000 rw-p 00000000 00:00 0 
7f8c80021000-7f8c84000000 ---p 00000000 00:00 0 
7f8c84000000-7f8c84031000 rw-p 00000000 00:00 0 
7f8c84031000-7f8c88000000 ---p 00000000 00:00 0 
7f8c88000000-7f8c88021000 rw-p 00000000 00:00 0 
7f8c88021000-7f8c8c000000 ---p 00000000 00:00 0 
7f8c8c000000-7f8c8c03c000 rw-p 00000000 00:00 0 
7f8c8c03c000-7f8c90000000 ---p 00000000 00:00 0 
7f8c90000000-7f8c90021000 rw-p 00000000 00:00 0 
7f8c90021000-7f8c94000000 ---p 00000000 00:00 0 
7f8c94000000-7f8c94021000 rw-p 00000000 00:00 0 
7f8c94021000-7f8c98000000 ---p 00000000 00:00 0 
7f8c98000000-7f8c98021000 rw-p 00000000 00:00 0 
7f8c98021000-7f8c9c000000 ---p 00000000 00:00 0 
7f8c9c000000-7f8c9c021000 rw-p 00000000 00:00 0 
7f8c9c021000-7f8ca0000000 ---p 00000000 00:00 0 
7f8ca0000000-7f8ca00e6000 rw-p 00000000 00:00 0 
7f8ca00e6000-7f8ca4000000 ---p 00000000 00:00 0 
7f8ca4000000-7f8ca4021000 rw-p 00000000 00:00 0 
7f8ca4021000-7f8ca8000000 ---p 00000000 00:00 0 
7f8ca8000000-7f8ca8021000 rw-p 00000000 00:00 0 
7f8ca8021000-7f8cac000000 ---p 00000000 00:00 0 
7f8cac000000-7f8cac021000 rw-p 00000000 00:00 0 
7f8cac021000-7f8cb0000000 ---p 00000000 00:00 0 
7f8cb0000000-7f8cb0021000 rw-p 00000000 00:00 0 
7f8cb0021000-7f8cb4000000 ---p 00000000 00:00 0 
7f8cb4000000-7f8cb4347000 rw-p 00000000 00:00 0 
7f8cb4347000-7f8cb8000000 ---p 00000000 00:00 0 
7f8cb8000000-7f8cb8021000 rw-p 00000000 00:00 0 
7f8cb8021000-7f8cbc000000 ---p 00000000 00:00 0 
7f8cbc000000-7f8cbc021000 rw-p 00000000 00:00 0 
7f8cbc021000-7f8cc0000000 ---p 00000000 00:00 0 
7f8cc0000000-7f8cc0021000 rw-p 00000000 00:00 0 
7f8cc0021000-7f8cc4000000 ---p 00000000 00:00 0 
7f8cc4000000-7f8cc4021000 rw-p 00000000 00:00 0 
7f8cc4021000-7f8cc8000000 ---p 00000000 00:00 0 
7f8cc8000000-7f8cc8021000 rw-p 00000000 00:00 0 
7f8cc8021000-7f8ccc000000 ---p 00000000 00:00 0 
7f8ccc000000-7f8ccc021000 rw-p 00000000 00:00 0 
7f8ccc021000-7f8cd0000000 ---p 00000000 00:00 0 
7f8cd0000000-7f8cd0400000 rw-p 00000000 00:00 0 
7f8cd0400000-7f8cd0500000 rw-p 00000000 00:00 0 
7f8cd0500000-7f8cd0600000 rw-p 00000000 00:00 0 
7f8cd0600000-7f8cd0780000 rw-p 00000000 00:00 0 
7f8cd0780000-7f8cd0800000 rw-p 00000000 00:00 0 
7f8cd0800000-7f8cd0b80000 rw-p 00000000 00:00 0 
7f8cd0b80000-7f8cd0c00000 rw-p 00000000 00:00 0 
7f8cd0c00000-7f8cd1500000 rw-p 00000000 00:00 0 
7f8cd1500000-7f8cd15d0000 rw-p 00000000 00:00 0 
7f8cd15d0000-7f8cd1600000 ---p 00000000 00:00 0 
7f8cd1600000-7f8cd2790000 rw-p 00000000 00:00 0 
7f8cd2790000-7f8cd4000000 ---p 00000000 00:00 0 
7f8cd4000000-7f8cd4021000 rw-p 00000000 00:00 0 
7f8cd4021000-7f8cd8000000 ---p 00000000 00:00 0 
7f8cd8005000-7f8cd8009000 ---p 00000000 00:00 0 
7f8cd8009000-7f8cd8105000 rw-p 00000000 00:00 0 
7f8cd8105000-7f8cd8109000 ---p 00000000 00:00 0 
7f8cd8109000-7f8cd8205000 rw-p 00000000 00:00 0 
7f8cd8205000-7f8cd8209000 ---p 00000000 00:00 0 
7f8cd8209000-7f8cd8305000 rw-p 00000000 00:00 0 
7f8cd8305000-7f8cd8309000 ---p 00000000 00:00 0 
7f8cd8309000-7f8cd8405000 rw-p 00000000 00:00 0 
7f8cd8405000-7f8cd8409000 ---p 00000000 00:00 0 
7f8cd8409000-7f8cd8505000 rw-p 00000000 00:00 0 
7f8cd8505000-7f8cd8509000 ---p 00000000 00:00 0 
7f8cd8509000-7f8cd8605000 rw-p 00000000 00:00 0 
7f8cd8605000-7f8cd8609000 ---p 00000000 00:00 0 
7f8cd8609000-7f8cd8705000 rw-p 00000000 00:00 0 
7f8cd8705000-7f8cd8709000 ---p 00000000 00:00 0 
7f8cd8709000-7f8cd8805000 rw-p 00000000 00:00 0 
7f8cd8805000-7f8cd8809000 ---p 00000000 00:00 0 
7f8cd8809000-7f8cd8905000 rw-p 00000000 00:00 0 
7f8cd8905000-7f8cd8909000 ---p 00000000 00:00 0 
7f8cd8909000-7f8cd8a05000 rw-p 00000000 00:00 0 
7f8cd8a05000-7f8cd8a09000 ---p 00000000 00:00 0 
7f8cd8a09000-7f8cd8b05000 rw-p 00000000 00:00 0 
7f8cd8b05000-7f8cd8b09000 ---p 00000000 00:00 0 
7f8cd8b09000-7f8cd8c05000 rw-p 00000000 00:00 0 
7f8cd8c05000-7f8cd8c09000 ---p 00000000 00:00 0 
7f8cd8c09000-7f8cd8d05000 rw-p 00000000 00:00 0 
7f8cd8d05000-7f8cd8d09000 ---p 00000000 00:00 0 
7f8cd8d09000-7f8cd8e05000 rw-p 00000000 00:00 0 
7f8cd8e05000-7f8cd8e09000 ---p 00000000 00:00 0 
7f8cd8e09000-7f8cd8f05000 rw-p 00000000 00:00 0 
7f8cd8f05000-7f8cd8f09000 ---p 00000000 00:00 0 
7f8cd8f09000-7f8cd9005000 rw-p 00000000 00:00 0 
7f8cd9005000-7f8cd9006000 ---p 00000000 00:00 0 
7f8cd9006000-7f8cd9107000 rw-p 00000000 00:00 0 
7f8cd9107000-7f8cd9108000 ---p 00000000 00:00 0 
7f8cd9108000-7f8cd9209000 rw-p 00000000 00:00 0 
7f8cd9209000-7f8cd920a000 ---p 00000000 00:00 0 
7f8cd920a000-7f8cd930b000 rw-p 00000000 00:00 0 
7f8cd930b000-7f8cd930c000 ---p 00000000 00:00 0 
7f8cd930c000-7f8cd940d000 rw-p 00000000 00:00 0 
7f8cd940d000-7f8cd940e000 ---p 00000000 00:00 0 
7f8cd940e000-7f8cd950f000 rw-p 00000000 00:00 0 
7f8cd950f000-7f8cd9513000 ---p 00000000 00:00 0 
7f8cd9513000-7f8cd960f000 rw-p 00000000 00:00 0 
7f8cd960f000-7f8cd9613000 ---p 00000000 00:00 0 
7f8cd9613000-7f8cd970f000 rw-p 00000000 00:00 0 
7f8cd970f000-7f8cd9713000 ---p 00000000 00:00 0 
7f8cd9713000-7f8cd980f000 rw-p 00000000 00:00 0 
7f8cd980f000-7f8cda000000 r--p 00000000 08:05 9177467                    /usr/lib/locale/locale-archive
7f8cda000000-7f8cdc000000 rw-p 00000000 00:00 0 
7f8cdc000000-7f8cdc021000 rw-p 00000000 00:00 0 
7f8cdc021000-7f8ce0000000 ---p 00000000 00:00 0 
7f8ce0000000-7f8ce0021000 rw-p 00000000 00:00 0 
7f8ce0021000-7f8ce4000000 ---p 00000000 00:00 0 
7f8ce4000000-7f8ce4021000 rw-p 00000000 00:00 0 
7f8ce4021000-7f8ce8000000 ---p 00000000 00:00 0 
7f8ce8011000-7f8ce8018000 r--s 00000000 08:05 9836354                    /usr/lib/x86_64-linux-gnu/gconv/gconv-modules.cache
7f8ce8018000-7f8ce803d000 r--p 00000000 08:05 11796608                   /usr/share/locale-langpack/fr/LC_MESSAGES/libc.mo
7f8ce803d000-7f8ce8041000 r--p 00000000 08:05 9437666                    /usr/lib/jvm/java-18-openjdk-amd64/lib/libverify.so
7f8ce8041000-7f8ce8048000 r-xp 00004000 08:05 9437666                    /usr/lib/jvm/java-18-openjdk-amd64/lib/libverify.so
7f8ce8048000-7f8ce804a000 r--p 0000b000 08:05 9437666                    /usr/lib/jvm/java-18-openjdk-amd64/lib/libverify.so
7f8ce804a000-7f8ce804c000 r--p 0000c000 08:05 9437666                    /usr/lib/jvm/java-18-openjdk-amd64/lib/libverify.so
7f8ce804c000-7f8ce804d000 rw-p 0000e000 08:05 9437666                    /usr/lib/jvm/java-18-openjdk-amd64/lib/libverify.so
7f8ce804d000-7f8ce804f000 r--p 00000000 08:05 9437657                    /usr/lib/jvm/java-18-openjdk-amd64/lib/libmanagement_ext.so
7f8ce804f000-7f8ce8052000 r-xp 00002000 08:05 9437657                    /usr/lib/jvm/java-18-openjdk-amd64/lib/libmanagement_ext.so
7f8ce8052000-7f8ce8053000 r--p 00005000 08:05 9437657                    /usr/lib/jvm/java-18-openjdk-amd64/lib/libmanagement_ext.so
7f8ce8053000-7f8ce8054000 ---p 00006000 08:05 9437657                    /usr/lib/jvm/java-18-openjdk-amd64/lib/libmanagement_ext.so
7f8ce8054000-7f8ce8055000 r--p 00006000 08:05 9437657                    /usr/lib/jvm/java-18-openjdk-amd64/lib/libmanagement_ext.so
7f8ce8055000-7f8ce8056000 rw-p 00007000 08:05 9437657                    /usr/lib/jvm/java-18-openjdk-amd64/lib/libmanagement_ext.so
7f8ce8056000-7f8ce8059000 r--p 00000000 08:05 9437659                    /usr/lib/jvm/java-18-openjdk-amd64/lib/libnet.so
7f8ce8059000-7f8ce8061000 r-xp 00003000 08:05 9437659                    /usr/lib/jvm/java-18-openjdk-amd64/lib/libnet.so
7f8ce8061000-7f8ce8063000 r--p 0000b000 08:05 9437659                    /usr/lib/jvm/java-18-openjdk-amd64/lib/libnet.so
7f8ce8063000-7f8ce8064000 ---p 0000d000 08:05 9437659                    /usr/lib/jvm/java-18-openjdk-amd64/lib/libnet.so
7f8ce8064000-7f8ce8065000 r--p 0000d000 08:05 9437659                    /usr/lib/jvm/java-18-openjdk-amd64/lib/libnet.so
7f8ce8065000-7f8ce8066000 rw-p 0000e000 08:05 9437659                    /usr/lib/jvm/java-18-openjdk-amd64/lib/libnet.so
7f8ce8066000-7f8ce806a000 ---p 00000000 00:00 0 
7f8ce806a000-7f8ce8166000 rw-p 00000000 00:00 0 
7f8ce8166000-7f8ce816a000 ---p 00000000 00:00 0 
7f8ce816a000-7f8ce8266000 rw-p 00000000 00:00 0 
7f8ce8266000-7f8ce826a000 ---p 00000000 00:00 0 
7f8ce826a000-7f8ce8366000 rw-p 00000000 00:00 0 
7f8ce8366000-7f8ce836a000 ---p 00000000 00:00 0 
7f8ce836a000-7f8ce8466000 rw-p 00000000 00:00 0 
7f8ce8466000-7f8ce846a000 ---p 00000000 00:00 0 
7f8ce846a000-7f8ce8566000 rw-p 00000000 00:00 0 
7f8ce8566000-7f8ce856a000 ---p 00000000 00:00 0 
7f8ce856a000-7f8ce8666000 rw-p 00000000 00:00 0 
7f8ce8666000-7f8ce866a000 ---p 00000000 00:00 0 
7f8ce866a000-7f8ce8766000 rw-p 00000000 00:00 0 
7f8ce8766000-7f8ce876a000 ---p 00000000 00:00 0 
7f8ce876a000-7f8ce8866000 rw-p 00000000 00:00 0 
7f8ce8866000-7f8ce886a000 ---p 00000000 00:00 0 
7f8ce886a000-7f8ce8966000 rw-p 00000000 00:00 0 
7f8ce8966000-7f8ce8967000 ---p 00000000 00:00 0 
7f8ce8967000-7f8ce8a68000 rw-p 00000000 00:00 0 
7f8ce8a68000-7f8ce8a6d000 r--p 00000000 08:05 9437653                    /usr/lib/jvm/java-18-openjdk-amd64/lib/libjsvml.so
7f8ce8a6d000-7f8ce8aae000 r-xp 00005000 08:05 9437653                    /usr/lib/jvm/java-18-openjdk-amd64/lib/libjsvml.so
7f8ce8aae000-7f8ce8b37000 r--p 00046000 08:05 9437653                    /usr/lib/jvm/java-18-openjdk-amd64/lib/libjsvml.so
7f8ce8b37000-7f8ce8b38000 r--p 000ce000 08:05 9437653                    /usr/lib/jvm/java-18-openjdk-amd64/lib/libjsvml.so
7f8ce8b38000-7f8ce8b39000 rw-p 000cf000 08:05 9437653                    /usr/lib/jvm/java-18-openjdk-amd64/lib/libjsvml.so
7f8ce8b39000-7f8ce8bba000 rw-p 00000000 00:00 0 
7f8ce8bba000-7f8ce8bbb000 ---p 00000000 00:00 0 
7f8ce8bbb000-7f8ce8cbc000 rw-p 00000000 00:00 0 
7f8ce8cbc000-7f8ce8cbd000 ---p 00000000 00:00 0 
7f8ce8cbd000-7f8ce91c2000 rw-p 00000000 00:00 0 
7f8ce91c2000-7f8ce91c3000 ---p 00000000 00:00 0 
7f8ce91c3000-7f8ce92c4000 rw-p 00000000 00:00 0 
7f8ce92c4000-7f8ce92c5000 ---p 00000000 00:00 0 
7f8ce92c5000-7f8ce93c6000 rw-p 00000000 00:00 0 
7f8ce93c6000-7f8ce93c7000 ---p 00000000 00:00 0 
7f8ce93c7000-7f8ce9600000 rw-p 00000000 00:00 0 
7f8ce9600000-7f8ce96a0000 ---p 00000000 00:00 0 
7f8ce96a0000-7f8ce96b0000 rw-p 00000000 00:00 0 
7f8ce96b0000-7f8ce97a0000 ---p 00000000 00:00 0 
7f8ce97a0000-7f8ce97a8000 rw-p 00000000 00:00 0 
7f8ce97a8000-7f8cec2b0000 ---p 00000000 00:00 0 
7f8cec2b0000-7f8cec3f8000 rw-p 00000000 00:00 0 
7f8cec3f8000-7f8cec498000 ---p 00000000 00:00 0 
7f8cec498000-7f8cec4a8000 rw-p 00000000 00:00 0 
7f8cec4a8000-7f8cec598000 ---p 00000000 00:00 0 
7f8cec598000-7f8cec5a0000 rw-p 00000000 00:00 0 
7f8cec5a0000-7f8cef0a8000 ---p 00000000 00:00 0 
7f8cef0a8000-7f8cef0df000 rw-p 00000000 00:00 0 
7f8cef0df000-7f8cef0f3000 ---p 00000000 00:00 0 
7f8cef0f3000-7f8cef0f5000 rw-p 00000000 00:00 0 
7f8cef0f5000-7f8cef113000 ---p 00000000 00:00 0 
7f8cef113000-7f8cef114000 rw-p 00000000 00:00 0 
7f8cef114000-7f8cef675000 ---p 00000000 00:00 0 
7f8cef675000-7f8cef69e000 rw-p 00000000 00:00 0 
7f8cef69e000-7f8cef6b2000 ---p 00000000 00:00 0 
7f8cef6b2000-7f8cef6b4000 rw-p 00000000 00:00 0 
7f8cef6b4000-7f8cef6d2000 ---p 00000000 00:00 0 
7f8cef6d2000-7f8cef6d3000 rw-p 00000000 00:00 0 
7f8cef6d3000-7f8cefc34000 ---p 00000000 00:00 0 
7f8cefc34000-7f8cefc5d000 rw-p 00000000 00:00 0 
7f8cefc5d000-7f8cefc71000 ---p 00000000 00:00 0 
7f8cefc71000-7f8cefc73000 rw-p 00000000 00:00 0 
7f8cefc73000-7f8cefc91000 ---p 00000000 00:00 0 
7f8cefc91000-7f8cefc92000 rw-p 00000000 00:00 0 
7f8cefc92000-7f8cf01f3000 ---p 00000000 00:00 0 
7f8cf01f3000-7f8cf02f6000 rw-p 00000000 00:00 0 
7f8cf02f6000-7f8cf8000000 r--s 00000000 08:05 9437668                    /usr/lib/jvm/java-18-openjdk-amd64/lib/modules
7f8cf8000000-7f8cf9324000 rw-p 00000000 00:00 0 
7f8cf9324000-7f8cfc000000 ---p 00000000 00:00 0 
7f8cfc000000-7f8cfc002000 r--p 00000000 08:05 9437655                    /usr/lib/jvm/java-18-openjdk-amd64/lib/libmanagement.so
7f8cfc002000-7f8cfc003000 r-xp 00002000 08:05 9437655                    /usr/lib/jvm/java-18-openjdk-amd64/lib/libmanagement.so
7f8cfc003000-7f8cfc004000 r--p 00003000 08:05 9437655                    /usr/lib/jvm/java-18-openjdk-amd64/lib/libmanagement.so
7f8cfc004000-7f8cfc005000 r--p 00003000 08:05 9437655                    /usr/lib/jvm/java-18-openjdk-amd64/lib/libmanagement.so
7f8cfc005000-7f8cfc006000 rw-p 00004000 08:05 9437655                    /usr/lib/jvm/java-18-openjdk-amd64/lib/libmanagement.so
7f8cfc006000-7f8cfc007000 r--p 00000000 08:05 9437639                    /usr/lib/jvm/java-18-openjdk-amd64/lib/libextnet.so
7f8cfc007000-7f8cfc008000 r-xp 00001000 08:05 9437639                    /usr/lib/jvm/java-18-openjdk-amd64/lib/libextnet.so
7f8cfc008000-7f8cfc009000 r--p 00002000 08:05 9437639                    /usr/lib/jvm/java-18-openjdk-amd64/lib/libextnet.so
7f8cfc009000-7f8cfc00a000 r--p 00002000 08:05 9437639                    /usr/lib/jvm/java-18-openjdk-amd64/lib/libextnet.so
7f8cfc00a000-7f8cfc00b000 rw-p 00003000 08:05 9437639                    /usr/lib/jvm/java-18-openjdk-amd64/lib/libextnet.so
7f8cfc00b000-7f8cfc011000 r--p 00000000 08:05 9437660                    /usr/lib/jvm/java-18-openjdk-amd64/lib/libnio.so
7f8cfc011000-7f8cfc01a000 r-xp 00006000 08:05 9437660                    /usr/lib/jvm/java-18-openjdk-amd64/lib/libnio.so
7f8cfc01a000-7f8cfc01f000 r--p 0000f000 08:05 9437660                    /usr/lib/jvm/java-18-openjdk-amd64/lib/libnio.so
7f8cfc01f000-7f8cfc020000 r--p 00013000 08:05 9437660                    /usr/lib/jvm/java-18-openjdk-amd64/lib/libnio.so
7f8cfc020000-7f8cfc021000 rw-p 00014000 08:05 9437660                    /usr/lib/jvm/java-18-openjdk-amd64/lib/libnio.so
7f8cfc021000-7f8cfc401000 rw-p 00000000 00:00 0 
7f8cfc401000-7f8cfc451000 ---p 00000000 00:00 0 
7f8cfc451000-7f8cfcc51000 rwxp 00000000 00:00 0 
7f8cfcc51000-7f8cff451000 ---p 00000000 00:00 0 
7f8cff451000-7f8cff453000 r--s 0000c000 08:05 10096834                   /usr/share/java/java-atk-wrapper.jar
7f8cff453000-7f8cff455000 r--p 00000000 08:05 9437667                    /usr/lib/jvm/java-18-openjdk-amd64/lib/libzip.so
7f8cff455000-7f8cff459000 r-xp 00002000 08:05 9437667                    /usr/lib/jvm/java-18-openjdk-amd64/lib/libzip.so
7f8cff459000-7f8cff45b000 r--p 00006000 08:05 9437667                    /usr/lib/jvm/java-18-openjdk-amd64/lib/libzip.so
7f8cff45b000-7f8cff45c000 r--p 00007000 08:05 9437667                    /usr/lib/jvm/java-18-openjdk-amd64/lib/libzip.so
7f8cff45c000-7f8cff45d000 rw-p 00008000 08:05 9437667                    /usr/lib/jvm/java-18-openjdk-amd64/lib/libzip.so
7f8cff45d000-7f8cff469000 r--p 00000000 08:05 9437646                    /usr/lib/jvm/java-18-openjdk-amd64/lib/libjava.so
7f8cff469000-7f8cff47c000 r-xp 0000c000 08:05 9437646                    /usr/lib/jvm/java-18-openjdk-amd64/lib/libjava.so
7f8cff47c000-7f8cff481000 r--p 0001f000 08:05 9437646                    /usr/lib/jvm/java-18-openjdk-amd64/lib/libjava.so
7f8cff481000-7f8cff482000 ---p 00024000 08:05 9437646                    /usr/lib/jvm/java-18-openjdk-amd64/lib/libjava.so
7f8cff482000-7f8cff483000 r--p 00024000 08:05 9437646                    /usr/lib/jvm/java-18-openjdk-amd64/lib/libjava.so
7f8cff483000-7f8cff484000 rw-p 00025000 08:05 9437646                    /usr/lib/jvm/java-18-openjdk-amd64/lib/libjava.so
7f8cff484000-7f8cff485000 rw-p 00000000 00:00 0 
7f8cff485000-7f8cff486000 r--p 00000000 08:05 9437641                    /usr/lib/jvm/java-18-openjdk-amd64/lib/libinstrument.so
7f8cff486000-7f8cff48d000 r-xp 00001000 08:05 9437641                    /usr/lib/jvm/java-18-openjdk-amd64/lib/libinstrument.so
7f8cff48d000-7f8cff490000 r--p 00008000 08:05 9437641                    /usr/lib/jvm/java-18-openjdk-amd64/lib/libinstrument.so
7f8cff490000-7f8cff491000 r--p 0000a000 08:05 9437641                    /usr/lib/jvm/java-18-openjdk-amd64/lib/libinstrument.so
7f8cff491000-7f8cff492000 rw-p 0000b000 08:05 9437641                    /usr/lib/jvm/java-18-openjdk-amd64/lib/libinstrument.so
7f8cff492000-7f8cff496000 ---p 00000000 00:00 0 
7f8cff496000-7f8cff592000 rw-p 00000000 00:00 0 
7f8cff592000-7f8cff595000 r--p 00000000 08:05 9177884                    /usr/lib/x86_64-linux-gnu/libgcc_s.so.1
7f8cff595000-7f8cff5ac000 r-xp 00003000 08:05 9177884                    /usr/lib/x86_64-linux-gnu/libgcc_s.so.1
7f8cff5ac000-7f8cff5b0000 r--p 0001a000 08:05 9177884                    /usr/lib/x86_64-linux-gnu/libgcc_s.so.1
7f8cff5b0000-7f8cff5b1000 r--p 0001d000 08:05 9177884                    /usr/lib/x86_64-linux-gnu/libgcc_s.so.1
7f8cff5b1000-7f8cff5b2000 rw-p 0001e000 08:05 9177884                    /usr/lib/x86_64-linux-gnu/libgcc_s.so.1
7f8cff5b2000-7f8cff5c0000 r--p 00000000 08:05 9177193                    /usr/lib/x86_64-linux-gnu/libm.so.6
7f8cff5c0000-7f8cff63c000 r-xp 0000e000 08:05 9177193                    /usr/lib/x86_64-linux-gnu/libm.so.6
7f8cff63c000-7f8cff697000 r--p 0008a000 08:05 9177193                    /usr/lib/x86_64-linux-gnu/libm.so.6
7f8cff697000-7f8cff698000 r--p 000e4000 08:05 9177193                    /usr/lib/x86_64-linux-gnu/libm.so.6
7f8cff698000-7f8cff699000 rw-p 000e5000 08:05 9177193                    /usr/lib/x86_64-linux-gnu/libm.so.6
7f8cff699000-7f8cff733000 r--p 00000000 08:05 9175899                    /usr/lib/x86_64-linux-gnu/libstdc++.so.6.0.30
7f8cff733000-7f8cff843000 r-xp 0009a000 08:05 9175899                    /usr/lib/x86_64-linux-gnu/libstdc++.so.6.0.30
7f8cff843000-7f8cff8b2000 r--p 001aa000 08:05 9175899                    /usr/lib/x86_64-linux-gnu/libstdc++.so.6.0.30
7f8cff8b2000-7f8cff8bd000 r--p 00218000 08:05 9175899                    /usr/lib/x86_64-linux-gnu/libstdc++.so.6.0.30
7f8cff8bd000-7f8cff8c0000 rw-p 00223000 08:05 9175899                    /usr/lib/x86_64-linux-gnu/libstdc++.so.6.0.30
7f8cff8c0000-7f8cff8c3000 rw-p 00000000 00:00 0 
7f8cff8c3000-7f8cffb14000 r--p 00000000 08:05 9437672                    /usr/lib/jvm/java-18-openjdk-amd64/lib/server/libjvm.so
7f8cffb14000-7f8d009c3000 r-xp 00251000 08:05 9437672                    /usr/lib/jvm/java-18-openjdk-amd64/lib/server/libjvm.so
7f8d009c3000-7f8d00b7f000 r--p 01100000 08:05 9437672                    /usr/lib/jvm/java-18-openjdk-amd64/lib/server/libjvm.so
7f8d00b7f000-7f8d00b80000 ---p 012bc000 08:05 9437672                    /usr/lib/jvm/java-18-openjdk-amd64/lib/server/libjvm.so
7f8d00b80000-7f8d00c3f000 r--p 012bc000 08:05 9437672                    /usr/lib/jvm/java-18-openjdk-amd64/lib/server/libjvm.so
7f8d00c3f000-7f8d00c6b000 rw-p 0137b000 08:05 9437672                    /usr/lib/jvm/java-18-openjdk-amd64/lib/server/libjvm.so
7f8d00c6b000-7f8d00cc9000 rw-p 00000000 00:00 0 
7f8d00cc9000-7f8d00ccb000 r--p 00000000 08:05 9182599                    /usr/lib/x86_64-linux-gnu/libz.so.1.2.11
7f8d00ccb000-7f8d00cdc000 r-xp 00002000 08:05 9182599                    /usr/lib/x86_64-linux-gnu/libz.so.1.2.11
7f8d00cdc000-7f8d00ce2000 r--p 00013000 08:05 9182599                    /usr/lib/x86_64-linux-gnu/libz.so.1.2.11
7f8d00ce2000-7f8d00ce3000 ---p 00019000 08:05 9182599                    /usr/lib/x86_64-linux-gnu/libz.so.1.2.11
7f8d00ce3000-7f8d00ce4000 r--p 00019000 08:05 9182599                    /usr/lib/x86_64-linux-gnu/libz.so.1.2.11
7f8d00ce4000-7f8d00ce5000 rw-p 0001a000 08:05 9182599                    /usr/lib/x86_64-linux-gnu/libz.so.1.2.11
7f8d00ce5000-7f8d00d0d000 r--p 00000000 08:05 9177185                    /usr/lib/x86_64-linux-gnu/libc.so.6
7f8d00d0d000-7f8d00ea2000 r-xp 00028000 08:05 9177185                    /usr/lib/x86_64-linux-gnu/libc.so.6
7f8d00ea2000-7f8d00efa000 r--p 001bd000 08:05 9177185                    /usr/lib/x86_64-linux-gnu/libc.so.6
7f8d00efa000-7f8d00efe000 r--p 00214000 08:05 9177185                    /usr/lib/x86_64-linux-gnu/libc.so.6
7f8d00efe000-7f8d00f00000 rw-p 00218000 08:05 9177185                    /usr/lib/x86_64-linux-gnu/libc.so.6
7f8d00f00000-7f8d00f0d000 rw-p 00000000 00:00 0 
7f8d00f0e000-7f8d00f16000 rw-s 00000000 08:05 7871920                    /tmp/hsperfdata_mamadou/75371
7f8d00f16000-7f8d00f17000 ---p 00000000 00:00 0 
7f8d00f17000-7f8d00f18000 r--p 00000000 00:00 0 
7f8d00f18000-7f8d00f1a000 r--p 00000000 08:05 9437649                    /usr/lib/jvm/java-18-openjdk-amd64/lib/libjimage.so
7f8d00f1a000-7f8d00f1c000 r-xp 00002000 08:05 9437649                    /usr/lib/jvm/java-18-openjdk-amd64/lib/libjimage.so
7f8d00f1c000-7f8d00f1d000 r--p 00004000 08:05 9437649                    /usr/lib/jvm/java-18-openjdk-amd64/lib/libjimage.so
7f8d00f1d000-7f8d00f1e000 r--p 00004000 08:05 9437649                    /usr/lib/jvm/java-18-openjdk-amd64/lib/libjimage.so
7f8d00f1e000-7f8d00f1f000 rw-p 00005000 08:05 9437649                    /usr/lib/jvm/java-18-openjdk-amd64/lib/libjimage.so
7f8d00f1f000-7f8d00f21000 r--p 00000000 08:05 9437650                    /usr/lib/jvm/java-18-openjdk-amd64/lib/libjli.so
7f8d00f21000-7f8d00f2b000 r-xp 00002000 08:05 9437650                    /usr/lib/jvm/java-18-openjdk-amd64/lib/libjli.so
7f8d00f2b000-7f8d00f2e000 r--p 0000c000 08:05 9437650                    /usr/lib/jvm/java-18-openjdk-amd64/lib/libjli.so
7f8d00f2e000-7f8d00f2f000 r--p 0000e000 08:05 9437650                    /usr/lib/jvm/java-18-openjdk-amd64/lib/libjli.so
7f8d00f2f000-7f8d00f30000 rw-p 0000f000 08:05 9437650                    /usr/lib/jvm/java-18-openjdk-amd64/lib/libjli.so
7f8d00f30000-7f8d00f32000 rw-p 00000000 00:00 0 
7f8d00f32000-7f8d00f36000 r--p 00000000 00:00 0                          [vvar]
7f8d00f36000-7f8d00f38000 r-xp 00000000 00:00 0                          [vdso]
7f8d00f38000-7f8d00f3a000 r--p 00000000 08:05 9177177                    /usr/lib/x86_64-linux-gnu/ld-linux-x86-64.so.2
7f8d00f3a000-7f8d00f64000 r-xp 00002000 08:05 9177177                    /usr/lib/x86_64-linux-gnu/ld-linux-x86-64.so.2
7f8d00f64000-7f8d00f6f000 r--p 0002c000 08:05 9177177                    /usr/lib/x86_64-linux-gnu/ld-linux-x86-64.so.2
7f8d00f6f000-7f8d00f70000 ---p 00000000 00:00 0 
7f8d00f70000-7f8d00f72000 r--p 00037000 08:05 9177177                    /usr/lib/x86_64-linux-gnu/ld-linux-x86-64.so.2
7f8d00f72000-7f8d00f74000 rw-p 00039000 08:05 9177177                    /usr/lib/x86_64-linux-gnu/ld-linux-x86-64.so.2
7ffed43d9000-7ffed43fc000 rw-p 00000000 00:00 0                          [stack]
ffffffffff600000-ffffffffff601000 --xp 00000000 00:00 0                  [vsyscall]


VM Arguments:
jvm_args: -XX:TieredStopAtLevel=1 -Dspring.output.ansi.enabled=always -Dcom.sun.management.jmxremote -Dspring.jmx.enabled=true -Dspring.liveBeansView.mbeanDomain -Dspring.application.admin.enabled=true -javaagent:/home/mamadou/.local/share/JetBrains/Toolbox/apps/IDEA-U/ch-0/222.3345.118/lib/idea_rt.jar=33121:/home/mamadou/.local/share/JetBrains/Toolbox/apps/IDEA-U/ch-0/222.3345.118/bin -Dfile.encoding=UTF-8 
java_command: com.amir.sn.rafreshjpajdbc.RafreshJpaJdbcApplication
java_class_path (initial): /home/mamadou/Bureau/Master/Java/awesome-spring/sprint-spring-ms/rafresh-jpa-jdbc/target/classes:/home/mamadou/.m2/repository/org/springframework/boot/spring-boot-starter-data-jdbc/3.0.0-M4/spring-boot-starter-data-jdbc-3.0.0-M4.jar:/home/mamadou/.m2/repository/org/springframework/boot/spring-boot-starter-jdbc/3.0.0-M4/spring-boot-starter-jdbc-3.0.0-M4.jar:/home/mamadou/.m2/repository/com/zaxxer/HikariCP/5.0.1/HikariCP-5.0.1.jar:/home/mamadou/.m2/repository/org/springframework/spring-jdbc/6.0.0-M5/spring-jdbc-6.0.0-M5.jar:/home/mamadou/.m2/repository/org/springframework/data/spring-data-jdbc/3.0.0-M5/spring-data-jdbc-3.0.0-M5.jar:/home/mamadou/.m2/repository/org/springframework/data/spring-data-relational/3.0.0-M5/spring-data-relational-3.0.0-M5.jar:/home/mamadou/.m2/repository/org/springframework/data/spring-data-commons/3.0.0-M5/spring-data-commons-3.0.0-M5.jar:/home/mamadou/.m2/repository/org/springframework/spring-tx/6.0.0-M5/spring-tx-6.0.0-M5.jar:/home/mamadou/.m2/repository/org/springframework/spring-context/6.0.0-M5/spring-context-6.0.0-M5.jar:/home/mamadou/.m2/repository/org/springframework/spring-beans/6.0.0-M5/spring-beans-6.0.0-M5.jar:/home/mamadou/.m2/repository/org/slf4j/slf4j-api/1.7.36/slf4j-api-1.7.36.jar:/home/mamadou/.m2/repository/org/springframework/boot/spring-boot-starter-data-jpa/3.0.0-M4/spring-boot-starter-data-jpa-3.0.0-M4.jar:/home/mamadou/.m2/repository/org/springframework/boot/spring-boot-starter-aop/3.0.0-M4/spring-boot-starter-aop-3.0.0-M4.jar:/home/mamadou/.m2/repository/org/springframework/spring-aop/6.0.0-M5/spring-aop-6.0.0-M5.jar:/home/mamadou/.m2/repository/org/aspectj/aspectjweaver/1.9.9.1/aspectjweaver-1.9.9.1.jar:/home/mamadou/.m2/repository/org/hibernate/orm/hibernate-core/6.1.1.Final/hibernate-core-6.1.1.Final.jar:/home/mamadou/.m2/repository/jakarta/persistence/jakarta.persistence-api/3.0.0/jakarta.persistence-api-3.0.0.jar:/home/mamadou/.m2/repository/jakarta/transaction/jakarta.transaction-api/2.0.1/jakarta.transaction-api-2.0.1.jar:/home/mamadou/.m2/repository/org/jboss/logging/jboss-logging/3.5.0.Final/jboss-logging-3.5.0.Final.jar:/home/mamadou/.m2/repository/org/hibernate/common/hibernate-commons-annotations/6.0.2.Final/hibernate-commons-annotations-6.0.2.Final.jar:/home/mamadou/.m2/repository/org/jboss/jandex/2.4.2.Final/jandex-2.4.2.Final.jar:/home/mamadou/.m2/repository/com/fasterxml/classmate/1.5.1/classmate-1.5.1.jar:/home/mamadou/.m2/repository/net/bytebuddy/byte-buddy/1.12.12/byte-buddy-1.12.12.jar:/home/mamadou/.m2/repository/org/glassfish/jaxb/jaxb-runtime/3.0.2/jaxb-runtime-3.0.2.jar:/home/mamadou/.m2/repository/org/glassfish/jaxb/jaxb-core/3.0.2/jaxb-core-3.0.2.jar:/home/mamadou/.m2/repository/org/glassfish/jaxb/txw2/3.0.2/txw2-3.0.2.jar:/home/mamadou/.m2/repository/com/sun/istack/istack-commons-runtime/4.0.1/istack-commons-runtime-4.0.1.jar:/home/mamadou/.m2/repository/jakarta/inject/jakarta.inject-api/2.0.0/jakarta.inject-api-2.0.0.jar:/home/mamadou/.m2/repository/org/antlr/antlr4-runtime/4.10/antlr4-runtime-4.10.jar:/home/mamadou/.m2/repository/org/springframework/data/spring-data-jpa/3.0.0-M5/spring-data-jpa-3.0.0-M5.jar:/home/mamadou/.m2/repository/org/springframework/spring-orm/6.0.0-M5/spring-orm-6.0.0-M5.jar:/home/mamadou/.m2/repository/jakarta/annotation/jakarta.annotation-api/2.0.0/jakarta.annotation-api-2.0.0.jar:/home/mamadou/.m2/repository/org/springframework/spring-aspects/6.0.0-M5/spring-aspects-6.0.0-M5.jar:/home/mamadou/.m2/repository/org/springframework/boot/spring-boot-starter-web/3.0.0-M4/spring-boot-starter-web-3.0.0-M4.jar:/home/mamadou/.m2/repository/org/springframework/boot/spring-boot-starter/3.0.0-M4/spring-boot-starter-3.0.0-M4.jar:/home/mamadou/.m2/repository/org/springframework/boot/spring-boot/3.0.0-M4/spring-boot-3.0.0-M4.jar:/home/mamadou/.m2/repository/org/springframework/boot/spring-boot-autoconfigure/3.0.0-M4/spring-boot-autoconfigure-3.0.0-M4.jar:/home/mamadou/.m2/repository/org/springframework/boot/spring-boot-starter-logging/3.0.0-M4/spring-boot-starter-logging-3.0.0-M4.jar:/home/mamadou/.m2/repository/ch/qos/logback/logback-classic/1.2.11/logback-classic-1.2.11.jar:/home/mamadou/.m2/repository/ch/qos/logback/logback-core/1.2.11/logback-core-1.2.11.jar:/home/mamadou/.m2/repository/org/apache/logging/log4j/log4j-to-slf4j/2.18.0/log4j-to-slf4j-2.18.0.jar:/home/mamadou/.m2/repository/org/apache/logging/log4j/log4j-api/2.18.0/log4j-api-2.18.0.jar:/home/mamadou/.m2/repository/org/slf4j/jul-to-slf4j/1.7.36/jul-to-slf4j-1.7.36.jar:/home/mamadou/.m2/repository/org/yaml/snakeyaml/1.30/snakeyaml-1.30.jar:/home/mamadou/.m2/repository/org/springframework/boot/spring-boot-starter-json/3.0.0-M4/spring-boot-starter-json-3.0.0-M4.jar:/home/mamadou/.m2/repository/com/fasterxml/jackson/core/jackson-databind/2.13.3/jackson-databind-2.13.3.jar:/home/mamadou/.m2/repository/com/fasterxml/jackson/core/jackson-annotations/2.13.3/jackson-annotations-2.13.3.jar:/home/mamadou/.m2/repository/com/fasterxml/jackson/core/jackson-core/2.13.3/jackson-core-2.13.3.jar:/home/mamadou/.m2/repository/com/fasterxml/jackson/datatype/jackson-datatype-jdk8/2.13.3/jackson-datatype-jdk8-2.13.3.jar:/home/mamadou/.m2/repository/com/fasterxml/jackson/datatype/jackson-datatype-jsr310/2.13.3/jackson-datatype-jsr310-2.13.3.jar:/home/mamadou/.m2/repository/com/fasterxml/jackson/module/jackson-module-parameter-names/2.13.3/jackson-module-parameter-names-2.13.3.jar:/home/mamadou/.m2/repository/org/springframework/boot/spring-boot-starter-tomcat/3.0.0-M4/spring-boot-starter-tomcat-3.0.0-M4.jar:/home/mamadou/.m2/repository/org/apache/tomcat/embed/tomcat-embed-core/10.0.22/tomcat-embed-core-10.0.22.jar:/home/mamadou/.m2/repository/org/apache/tomcat/embed/tomcat-embed-el/10.0.22/tomcat-embed-el-10.0.22.jar:/home/mamadou/.m2/repository/org/apache/tomcat/embed/tomcat-embed-websocket/10.0.22/tomcat-embed-websocket-10.0.22.jar:/home/mamadou/.m2/repository/org/springframework/spring-web/6.0.0-M5/spring-web-6.0.0-M5.jar:/home/mamadou/.m2/repository/org/springframework/spring-webmvc/6.0.0-M5/spring-webmvc-6.0.0-M5.jar:/home/mamadou/.m2/repository/org/springframework/spring-expression/6.0.0-M5/spring-expression-6.0.0-M5.jar:/home/mamadou/.m2/repository/com/h2database/h2/2.1.214/h2-2.1.214.jar:/home/mamadou/.m2/repository/jakarta/xml/bind/jakarta.xml.bind-api/3.0.1/jakarta.xml.bind-api-3.0.1.jar:/home/mamadou/.m2/repository/com/sun/activation/jakarta.activation/2.0.1/jakarta.activation-2.0.1.jar:/home/mamadou/.m2/repository/org/springframework/spring-core/6.0.0-M5/spring-core-6.0.0-M5.jar:/home/mamadou/.m2/repository/org/springframework/spring-jcl/6.0.0-M5/spring-jcl-6.0.0-M5.jar
Launcher Type: SUN_STANDARD

[Global flags]
     intx CICompilerCount                          = 3                                         {product} {ergonomic}
     uint ConcGCThreads                            = 1                                         {product} {ergonomic}
     uint G1ConcRefinementThreads                  = 4                                         {product} {ergonomic}
   size_t G1HeapRegionSize                         = 2097152                                   {product} {ergonomic}
    uintx GCDrainStackTargetSize                   = 64                                        {product} {ergonomic}
   size_t InitialHeapSize                          = 192937984                                 {product} {ergonomic}
     bool ManagementServer                         = true                                      {product} {command line}
   size_t MarkStackSize                            = 4194304                                   {product} {ergonomic}
   size_t MaxHeapSize                              = 3084910592                                {product} {ergonomic}
   size_t MaxNewSize                               = 1849688064                                {product} {ergonomic}
   size_t MinHeapDeltaBytes                        = 2097152                                   {product} {ergonomic}
   size_t MinHeapSize                              = 8388608                                   {product} {ergonomic}
    uintx NonProfiledCodeHeapSize                  = 0                                      {pd product} {ergonomic}
     bool ProfileInterpreter                       = false                                  {pd product} {command line}
    uintx ProfiledCodeHeapSize                     = 0                                      {pd product} {ergonomic}
   size_t SoftMaxHeapSize                          = 3084910592                             {manageable} {ergonomic}
     intx TieredStopAtLevel                        = 1                                         {product} {command line}
     bool UseCompressedClassPointers               = true                           {product lp64_product} {ergonomic}
     bool UseCompressedOops                        = true                           {product lp64_product} {ergonomic}
     bool UseG1GC                                  = true                                      {product} {ergonomic}

Logging:
Log output configuration:
 #0: stdout all=warning uptime,level,tags foldmultilines=false
 #1: stderr all=off uptime,level,tags foldmultilines=false

Environment Variables:
PATH=/home/mamadou/.local/bin:/usr/local/sbin:/usr/local/bin:/usr/sbin:/usr/bin:/sbin:/bin:/usr/games:/usr/local/games:/snap/bin:/snap/bin:/home/mamadou/.local/share/JetBrains/Toolbox/scripts
USERNAME=mamadou
SHELL=/bin/bash
DISPLAY=:1
LANG=fr_FR.UTF-8

Signal Handlers:
   SIGSEGV: 0x00007f8d006c5b50 in libjvm.so+14691152, mask=11100100010111111101111111111110, flags=SA_RESTART|SA_SIGINFO
    SIGBUS: 0x00007f8d006c5b50 in libjvm.so+14691152, mask=11100100010111111101111111111110, flags=SA_RESTART|SA_SIGINFO
    SIGFPE: 0x00007f8d006c5b50 in libjvm.so+14691152, mask=11100100010111111101111111111110, flags=SA_RESTART|SA_SIGINFO
   SIGPIPE: 0x00007f8d005b6bd0 in libjvm.so+13581264, mask=11100100010111111101111111111110, flags=SA_RESTART|SA_SIGINFO
   SIGXFSZ: 0x00007f8d005b6bd0 in libjvm.so+13581264, mask=11100100010111111101111111111110, flags=SA_RESTART|SA_SIGINFO
    SIGILL: 0x00007f8d006c5b50 in libjvm.so+14691152, mask=11100100010111111101111111111110, flags=SA_RESTART|SA_SIGINFO
   SIGUSR2: 0x00007f8d005b0660 in libjvm.so+13555296, mask=00100000000000000000000000000000, flags=SA_RESTART|SA_SIGINFO
    SIGHUP: 0x00007f8d005b0580 in libjvm.so+13555072, mask=11100100010111111101111111111110, flags=SA_RESTART|SA_SIGINFO
    SIGINT: 0x00007f8d005b0580 in libjvm.so+13555072, mask=11100100010111111101111111111110, flags=SA_RESTART|SA_SIGINFO
   SIGTERM: 0x00007f8d005b0580 in libjvm.so+13555072, mask=11100100010111111101111111111110, flags=SA_RESTART|SA_SIGINFO
   SIGQUIT: 0x00007f8d005b0580 in libjvm.so+13555072, mask=11100100010111111101111111111110, flags=SA_RESTART|SA_SIGINFO
   SIGTRAP: 0x00007f8d006c5b50 in libjvm.so+14691152, mask=11100100010111111101111111111110, flags=SA_RESTART|SA_SIGINFO


---------------  S Y S T E M  ---------------

OS:
DISTRIB_ID=Ubuntu
DISTRIB_RELEASE=22.04
DISTRIB_CODENAME=jammy
DISTRIB_DESCRIPTION="Ubuntu 22.04.1 LTS"
uname: Linux 5.15.0-47-generic #51-Ubuntu SMP Thu Aug 11 07:51:15 UTC 2022 x86_64
OS uptime: 1 days 5:11 hours
libc: glibc 2.35 NPTL 2.35 
rlimit (soft/hard): STACK 8192k/infinity , CORE 0k/infinity , NPROC 46790/46790 , NOFILE 1048576/1048576 , AS infinity/infinity , CPU infinity/infinity , DATA infinity/infinity , FSIZE infinity/infinity , MEMLOCK 1506120k/1506120k
load average: 1,93 2,35 1,74

/proc/meminfo:
MemTotal:       12048964 kB
MemFree:          136664 kB
MemAvailable:    1262520 kB
Buffers:           84300 kB
Cached:          2333636 kB
SwapCached:       147440 kB
Active:          4452444 kB
Inactive:        6634516 kB
Active(anon):    3653832 kB
Inactive(anon):  6221608 kB
Active(file):     798612 kB
Inactive(file):   412908 kB
Unevictable:      105152 kB
Mlocked:              80 kB
SwapTotal:      11413496 kB
SwapFree:        8743716 kB
Dirty:              2388 kB
Writeback:             0 kB
AnonPages:       8716632 kB
Mapped:           744688 kB
Shmem:           1210688 kB
KReclaimable:     235632 kB
Slab:             441876 kB
SReclaimable:     235632 kB
SUnreclaim:       206244 kB
KernelStack:       37344 kB
PageTables:       129688 kB
NFS_Unstable:          0 kB
Bounce:                0 kB
WritebackTmp:          0 kB
CommitLimit:    17437976 kB
Committed_AS:   34265596 kB
VmallocTotal:   34359738367 kB
VmallocUsed:       69780 kB
VmallocChunk:          0 kB
Percpu:             4704 kB
HardwareCorrupted:     0 kB
AnonHugePages:     14336 kB
ShmemHugePages:        0 kB
ShmemPmdMapped:        0 kB
FileHugePages:         0 kB
FilePmdMapped:         0 kB
HugePages_Total:       0
HugePages_Free:        0
HugePages_Rsvd:        0
HugePages_Surp:        0
Hugepagesize:       2048 kB
Hugetlb:               0 kB
DirectMap4k:      480716 kB
DirectMap2M:    10846208 kB
DirectMap1G:     1048576 kB

/sys/kernel/mm/transparent_hugepage/enabled: always [madvise] never
/sys/kernel/mm/transparent_hugepage/defrag (defrag/compaction efforts parameter): always defer defer+madvise [madvise] never

Process Memory:
Virtual Size: 6587344K (peak: 6587344K)
Resident Set Size: 201948K (peak: 202012K) (anon: 174664K, file: 27284K, shmem: 0K)
Swapped out: 0K
C-Heap outstanding allocations: 32856K, retained: 6363K

/proc/sys/kernel/threads-max (system-wide limit on the number of threads): 93580
/proc/sys/vm/max_map_count (maximum number of memory map areas a process may have): 65530
/proc/sys/kernel/pid_max (system-wide limit on number of process identifiers): 4194304

container (cgroup) information:
container_type: cgroupv2
cpu_cpuset_cpus: not supported
cpu_memory_nodes: not supported
active_processor_count: 4
cpu_quota: not supported
cpu_period: not supported
cpu_shares: not supported
memory_limit_in_bytes: unlimited
memory_and_swap_limit_in_bytes: unlimited
memory_soft_limit_in_bytes: unlimited
memory_usage_in_bytes: 3087335424
memory_max_usage_in_bytes: not supported
maximum number of tasks: 14037
current number of tasks: 271

Steal ticks since vm start: 0
Steal ticks percentage since vm start:  0,000

CPU: total 4 (initial active 4) (2 cores per cpu, 2 threads per core) family 6 model 78 stepping 3 microcode 0xf0, cx8, cmov, fxsr, ht, mmx, 3dnowpref, sse, sse2, sse3, ssse3, sse4.1, sse4.2, popcnt, lzcnt, tsc, tscinvbit, avx, avx2, aes, erms, clmul, bmi1, bmi2, adx, fma, vzeroupper, clflush, clflushopt
CPU Model and flags from /proc/cpuinfo:
model name	: Intel(R) Core(TM) i3-6006U CPU @ 2.00GHz
flags		: fpu vme de pse tsc msr pae mce cx8 apic sep mtrr pge mca cmov pat pse36 clflush dts acpi mmx fxsr sse sse2 ss ht tm pbe syscall nx pdpe1gb rdtscp lm constant_tsc art arch_perfmon pebs bts rep_good nopl xtopology nonstop_tsc cpuid aperfmperf pni pclmulqdq dtes64 monitor ds_cpl est tm2 ssse3 sdbg fma cx16 xtpr pdcm pcid sse4_1 sse4_2 x2apic movbe popcnt tsc_deadline_timer aes xsave avx f16c rdrand lahf_lm abm 3dnowprefetch cpuid_fault epb invpcid_single pti ssbd ibrs ibpb stibp fsgsbase tsc_adjust bmi1 avx2 smep bmi2 erms invpcid mpx rdseed adx smap clflushopt intel_pt xsaveopt xsavec xgetbv1 xsaves dtherm arat pln pts hwp hwp_notify hwp_act_window hwp_epp md_clear flush_l1d arch_capabilities

Online cpus: 0-3
Offline cpus: 
BIOS frequency limitation: <Not Available>
Frequency switch latency (ns): 0
Available cpu frequencies: <Not Available>
Current governor: powersave
Core performance/turbo boost: <Not Available>

Memory: 4k page, physical 12048964k(135804k free), swap 11413496k(8743716k free)
Page Sizes: 4k

vm_info: OpenJDK 64-Bit Server VM (18.0.2-ea+9-Ubuntu-222.04) for linux-amd64 JRE (18.0.2-ea+9-Ubuntu-222.04), built on Jul 22 2022 09:27:35 by "buildd" with gcc 11.2.0

END.
